2024/10/13 04:56:30 [notice] 1#1: using the "epoll" event method
2024/10/13 04:56:30 [notice] 1#1: nginx/1.27.2
2024/10/13 04:56:30 [notice] 1#1: built by gcc 12.2.0 (Debian 12.2.0-14) 
2024/10/13 04:56:30 [notice] 1#1: OS: Linux 6.8.0-45-generic
2024/10/13 04:56:30 [notice] 1#1: getrlimit(RLIMIT_NOFILE): 1048576:1048576
2024/10/13 04:56:30 [notice] 1#1: start worker processes
2024/10/13 04:56:30 [notice] 1#1: start worker process 28
2024/10/13 04:56:30 [notice] 1#1: start worker process 29
2024/10/13 04:56:30 [notice] 1#1: start worker process 30
2024/10/13 04:56:30 [notice] 1#1: start worker process 31
2024/10/13 04:56:30 [notice] 1#1: start worker process 32
2024/10/13 04:56:30 [notice] 1#1: start worker process 33
2024/10/13 04:56:30 [notice] 1#1: start worker process 34
2024/10/13 04:56:30 [notice] 1#1: start worker process 35
2024/10/13 04:57:03 [notice] 1#1: signal 3 (SIGQUIT) received, shutting down
2024/10/13 04:57:03 [notice] 28#28: gracefully shutting down
2024/10/13 04:57:03 [notice] 28#28: exiting
2024/10/13 04:57:03 [notice] 28#28: exit
2024/10/13 04:57:03 [notice] 32#32: gracefully shutting down
2024/10/13 04:57:03 [notice] 32#32: exiting
2024/10/13 04:57:03 [notice] 32#32: exit
2024/10/13 04:57:03 [notice] 29#29: gracefully shutting down
2024/10/13 04:57:03 [notice] 29#29: exiting
2024/10/13 04:57:03 [notice] 29#29: exit
2024/10/13 04:57:03 [notice] 33#33: gracefully shutting down
2024/10/13 04:57:03 [notice] 33#33: exiting
2024/10/13 04:57:03 [notice] 33#33: exit
2024/10/13 04:57:03 [notice] 34#34: gracefully shutting down
2024/10/13 04:57:03 [notice] 34#34: exiting
2024/10/13 04:57:03 [notice] 34#34: exit
2024/10/13 04:57:03 [notice] 35#35: gracefully shutting down
2024/10/13 04:57:03 [notice] 35#35: exiting
2024/10/13 04:57:03 [notice] 35#35: exit
2024/10/13 04:57:03 [notice] 30#30: gracefully shutting down
2024/10/13 04:57:03 [notice] 30#30: exiting
2024/10/13 04:57:03 [notice] 30#30: exit
2024/10/13 04:57:03 [notice] 31#31: gracefully shutting down
2024/10/13 04:57:03 [notice] 31#31: exiting
2024/10/13 04:57:03 [notice] 31#31: exit
2024/10/13 04:57:03 [notice] 1#1: signal 17 (SIGCHLD) received from 31
2024/10/13 04:57:03 [notice] 1#1: worker process 31 exited with code 0
2024/10/13 04:57:03 [notice] 1#1: signal 29 (SIGIO) received
2024/10/13 04:57:03 [notice] 1#1: signal 17 (SIGCHLD) received from 34
2024/10/13 04:57:03 [notice] 1#1: worker process 34 exited with code 0
2024/10/13 04:57:03 [notice] 1#1: signal 29 (SIGIO) received
2024/10/13 04:57:03 [notice] 1#1: signal 17 (SIGCHLD) received from 35
2024/10/13 04:57:03 [notice] 1#1: worker process 28 exited with code 0
2024/10/13 04:57:03 [notice] 1#1: worker process 30 exited with code 0
2024/10/13 04:57:03 [notice] 1#1: worker process 33 exited with code 0
2024/10/13 04:57:03 [notice] 1#1: worker process 35 exited with code 0
2024/10/13 04:57:03 [notice] 1#1: signal 29 (SIGIO) received
2024/10/13 04:57:03 [notice] 1#1: signal 17 (SIGCHLD) received from 29
2024/10/13 04:57:03 [notice] 1#1: worker process 29 exited with code 0
2024/10/13 04:57:03 [notice] 1#1: signal 29 (SIGIO) received
2024/10/13 04:57:03 [notice] 1#1: signal 17 (SIGCHLD) received from 32
2024/10/13 04:57:03 [notice] 1#1: worker process 32 exited with code 0
2024/10/13 04:57:03 [notice] 1#1: exit
2024/10/13 04:58:52 [notice] 1#1: using the "epoll" event method
2024/10/13 04:58:52 [notice] 1#1: nginx/1.27.2
2024/10/13 04:58:52 [notice] 1#1: built by gcc 12.2.0 (Debian 12.2.0-14) 
2024/10/13 04:58:52 [notice] 1#1: OS: Linux 6.8.0-45-generic
2024/10/13 04:58:52 [notice] 1#1: getrlimit(RLIMIT_NOFILE): 1048576:1048576
2024/10/13 04:58:52 [notice] 1#1: start worker processes
2024/10/13 04:58:52 [notice] 1#1: start worker process 28
2024/10/13 04:58:52 [notice] 1#1: start worker process 29
2024/10/13 04:58:52 [notice] 1#1: start worker process 30
2024/10/13 04:58:52 [notice] 1#1: start worker process 31
2024/10/13 04:58:52 [notice] 1#1: start worker process 32
2024/10/13 04:58:52 [notice] 1#1: start worker process 33
2024/10/13 04:58:52 [notice] 1#1: start worker process 34
2024/10/13 04:58:52 [notice] 1#1: start worker process 35
2024/10/13 05:02:03 [notice] 1#1: signal 3 (SIGQUIT) received, shutting down
2024/10/13 05:02:03 [notice] 32#32: gracefully shutting down
2024/10/13 05:02:03 [notice] 32#32: exiting
2024/10/13 05:02:03 [notice] 32#32: exit
2024/10/13 05:02:03 [notice] 28#28: gracefully shutting down
2024/10/13 05:02:03 [notice] 28#28: exiting
2024/10/13 05:02:03 [notice] 28#28: exit
2024/10/13 05:02:03 [notice] 34#34: gracefully shutting down
2024/10/13 05:02:03 [notice] 34#34: exiting
2024/10/13 05:02:03 [notice] 34#34: exit
2024/10/13 05:02:03 [notice] 35#35: gracefully shutting down
2024/10/13 05:02:03 [notice] 35#35: exiting
2024/10/13 05:02:03 [notice] 35#35: exit
2024/10/13 05:02:03 [notice] 29#29: gracefully shutting down
2024/10/13 05:02:03 [notice] 29#29: exiting
2024/10/13 05:02:03 [notice] 29#29: exit
2024/10/13 05:02:03 [notice] 30#30: gracefully shutting down
2024/10/13 05:02:03 [notice] 30#30: exiting
2024/10/13 05:02:03 [notice] 30#30: exit
2024/10/13 05:02:03 [notice] 31#31: gracefully shutting down
2024/10/13 05:02:03 [notice] 33#33: gracefully shutting down
2024/10/13 05:02:03 [notice] 31#31: exiting
2024/10/13 05:02:03 [notice] 33#33: exiting
2024/10/13 05:02:03 [notice] 31#31: exit
2024/10/13 05:02:03 [notice] 33#33: exit
2024/10/13 05:02:03 [notice] 1#1: signal 17 (SIGCHLD) received from 32
2024/10/13 05:02:03 [notice] 1#1: worker process 32 exited with code 0
2024/10/13 05:02:03 [notice] 1#1: worker process 34 exited with code 0
2024/10/13 05:02:03 [notice] 1#1: signal 29 (SIGIO) received
2024/10/13 05:02:03 [notice] 1#1: signal 17 (SIGCHLD) received from 29
2024/10/13 05:02:03 [notice] 1#1: worker process 29 exited with code 0
2024/10/13 05:02:03 [notice] 1#1: signal 29 (SIGIO) received
2024/10/13 05:02:03 [notice] 1#1: signal 17 (SIGCHLD) received from 30
2024/10/13 05:02:03 [notice] 1#1: worker process 30 exited with code 0
2024/10/13 05:02:03 [notice] 1#1: signal 29 (SIGIO) received
2024/10/13 05:02:03 [notice] 1#1: signal 17 (SIGCHLD) received from 28
2024/10/13 05:02:03 [notice] 1#1: worker process 28 exited with code 0
2024/10/13 05:02:03 [notice] 1#1: signal 29 (SIGIO) received
2024/10/13 05:02:03 [notice] 1#1: signal 17 (SIGCHLD) received from 31
2024/10/13 05:02:03 [notice] 1#1: worker process 31 exited with code 0
2024/10/13 05:02:03 [notice] 1#1: worker process 33 exited with code 0
2024/10/13 05:02:03 [notice] 1#1: signal 29 (SIGIO) received
2024/10/13 05:02:03 [notice] 1#1: signal 17 (SIGCHLD) received from 35
2024/10/13 05:02:03 [notice] 1#1: worker process 35 exited with code 0
2024/10/13 05:02:03 [notice] 1#1: exit
2024/10/13 05:02:33 [notice] 1#1: using the "epoll" event method
2024/10/13 05:02:33 [notice] 1#1: nginx/1.27.2
2024/10/13 05:02:33 [notice] 1#1: built by gcc 12.2.0 (Debian 12.2.0-14) 
2024/10/13 05:02:33 [notice] 1#1: OS: Linux 6.8.0-45-generic
2024/10/13 05:02:33 [notice] 1#1: getrlimit(RLIMIT_NOFILE): 1048576:1048576
2024/10/13 05:02:33 [notice] 1#1: start worker processes
2024/10/13 05:02:33 [notice] 1#1: start worker process 27
2024/10/13 05:02:33 [notice] 1#1: start worker process 28
2024/10/13 05:02:33 [notice] 1#1: start worker process 29
2024/10/13 05:02:33 [notice] 1#1: start worker process 30
2024/10/13 05:02:33 [notice] 1#1: start worker process 31
2024/10/13 05:02:33 [notice] 1#1: start worker process 32
2024/10/13 05:02:33 [notice] 1#1: start worker process 33
2024/10/13 05:02:33 [notice] 1#1: start worker process 34
2024/10/13 07:32:12 [notice] 1#1: signal 3 (SIGQUIT) received, shutting down
2024/10/13 07:32:12 [notice] 28#28: gracefully shutting down
2024/10/13 07:32:12 [notice] 28#28: exiting
2024/10/13 07:32:12 [notice] 28#28: exit
2024/10/13 07:32:12 [notice] 29#29: gracefully shutting down
2024/10/13 07:32:12 [notice] 29#29: exiting
2024/10/13 07:32:12 [notice] 29#29: exit
2024/10/13 07:32:12 [notice] 30#30: gracefully shutting down
2024/10/13 07:32:12 [notice] 30#30: exiting
2024/10/13 07:32:12 [notice] 30#30: exit
2024/10/13 07:32:12 [notice] 31#31: gracefully shutting down
2024/10/13 07:32:12 [notice] 31#31: exiting
2024/10/13 07:32:12 [notice] 31#31: exit
2024/10/13 07:32:12 [notice] 32#32: gracefully shutting down
2024/10/13 07:32:12 [notice] 32#32: exiting
2024/10/13 07:32:12 [notice] 32#32: exit
2024/10/13 07:32:12 [notice] 27#27: gracefully shutting down
2024/10/13 07:32:12 [notice] 27#27: exiting
2024/10/13 07:32:12 [notice] 27#27: exit
2024/10/13 07:32:12 [notice] 33#33: gracefully shutting down
2024/10/13 07:32:12 [notice] 33#33: exiting
2024/10/13 07:32:12 [notice] 33#33: exit
2024/10/13 07:32:12 [notice] 34#34: gracefully shutting down
2024/10/13 07:32:12 [notice] 34#34: exiting
2024/10/13 07:32:12 [notice] 34#34: exit
2024/10/13 07:32:12 [notice] 1#1: signal 17 (SIGCHLD) received from 27
2024/10/13 07:32:12 [notice] 1#1: worker process 27 exited with code 0
2024/10/13 07:32:12 [notice] 1#1: worker process 28 exited with code 0
2024/10/13 07:32:12 [notice] 1#1: worker process 29 exited with code 0
2024/10/13 07:32:12 [notice] 1#1: worker process 30 exited with code 0
2024/10/13 07:32:12 [notice] 1#1: worker process 31 exited with code 0
2024/10/13 07:32:12 [notice] 1#1: worker process 32 exited with code 0
2024/10/13 07:32:12 [notice] 1#1: worker process 33 exited with code 0
2024/10/13 07:32:12 [notice] 1#1: worker process 34 exited with code 0
2024/10/13 07:32:12 [notice] 1#1: exit
2024/10/13 08:22:21 [notice] 1#1: using the "epoll" event method
2024/10/13 08:22:21 [notice] 1#1: nginx/1.27.2
2024/10/13 08:22:21 [notice] 1#1: built by gcc 12.2.0 (Debian 12.2.0-14) 
2024/10/13 08:22:21 [notice] 1#1: OS: Linux 6.8.0-45-generic
2024/10/13 08:22:21 [notice] 1#1: getrlimit(RLIMIT_NOFILE): 1048576:1048576
2024/10/13 08:22:21 [notice] 1#1: start worker processes
2024/10/13 08:22:21 [notice] 1#1: start worker process 28
2024/10/13 08:22:21 [notice] 1#1: start worker process 29
2024/10/13 08:22:21 [notice] 1#1: start worker process 30
2024/10/13 08:22:21 [notice] 1#1: start worker process 31
2024/10/13 08:22:21 [notice] 1#1: start worker process 32
2024/10/13 08:22:21 [notice] 1#1: start worker process 33
2024/10/13 08:22:21 [notice] 1#1: start worker process 34
2024/10/13 08:22:21 [notice] 1#1: start worker process 35
2024/10/13 08:44:48 [notice] 1#1: signal 3 (SIGQUIT) received, shutting down
2024/10/13 08:44:48 [notice] 31#31: gracefully shutting down
2024/10/13 08:44:48 [notice] 28#28: gracefully shutting down
2024/10/13 08:44:48 [notice] 31#31: exiting
2024/10/13 08:44:48 [notice] 29#29: gracefully shutting down
2024/10/13 08:44:48 [notice] 31#31: exit
2024/10/13 08:44:48 [notice] 30#30: gracefully shutting down
2024/10/13 08:44:48 [notice] 28#28: exiting
2024/10/13 08:44:48 [notice] 29#29: exiting
2024/10/13 08:44:48 [notice] 30#30: exiting
2024/10/13 08:44:48 [notice] 28#28: exit
2024/10/13 08:44:48 [notice] 29#29: exit
2024/10/13 08:44:48 [notice] 30#30: exit
2024/10/13 08:44:48 [notice] 32#32: gracefully shutting down
2024/10/13 08:44:48 [notice] 32#32: exiting
2024/10/13 08:44:48 [notice] 35#35: gracefully shutting down
2024/10/13 08:44:48 [notice] 32#32: exit
2024/10/13 08:44:48 [notice] 35#35: exiting
2024/10/13 08:44:48 [notice] 33#33: gracefully shutting down
2024/10/13 08:44:48 [notice] 35#35: exit
2024/10/13 08:44:48 [notice] 33#33: exiting
2024/10/13 08:44:48 [notice] 33#33: exit
2024/10/13 08:44:48 [notice] 34#34: gracefully shutting down
2024/10/13 08:44:48 [notice] 34#34: exiting
2024/10/13 08:44:48 [notice] 34#34: exit
2024/10/13 08:44:48 [notice] 1#1: signal 17 (SIGCHLD) received from 29
2024/10/13 08:44:48 [notice] 1#1: worker process 28 exited with code 0
2024/10/13 08:44:48 [notice] 1#1: worker process 29 exited with code 0
2024/10/13 08:44:48 [notice] 1#1: worker process 30 exited with code 0
2024/10/13 08:44:48 [notice] 1#1: worker process 34 exited with code 0
2024/10/13 08:44:48 [notice] 1#1: worker process 35 exited with code 0
2024/10/13 08:44:48 [notice] 1#1: signal 29 (SIGIO) received
2024/10/13 08:44:48 [notice] 1#1: signal 17 (SIGCHLD) received from 35
2024/10/13 08:44:48 [notice] 1#1: signal 17 (SIGCHLD) received from 32
2024/10/13 08:44:48 [notice] 1#1: worker process 32 exited with code 0
2024/10/13 08:44:48 [notice] 1#1: signal 29 (SIGIO) received
2024/10/13 08:44:48 [notice] 1#1: signal 17 (SIGCHLD) received from 31
2024/10/13 08:44:48 [notice] 1#1: worker process 31 exited with code 0
2024/10/13 08:44:48 [notice] 1#1: signal 29 (SIGIO) received
2024/10/13 08:44:48 [notice] 1#1: signal 17 (SIGCHLD) received from 33
2024/10/13 08:44:48 [notice] 1#1: worker process 33 exited with code 0
2024/10/13 08:44:48 [notice] 1#1: exit
2024/10/14 05:15:21 [notice] 1#1: using the "epoll" event method
2024/10/14 05:15:21 [notice] 1#1: nginx/1.27.2
2024/10/14 05:15:21 [notice] 1#1: built by gcc 12.2.0 (Debian 12.2.0-14) 
2024/10/14 05:15:21 [notice] 1#1: OS: Linux 6.8.0-45-generic
2024/10/14 05:15:21 [notice] 1#1: getrlimit(RLIMIT_NOFILE): 1048576:1048576
2024/10/14 05:15:21 [notice] 1#1: start worker processes
2024/10/14 05:15:21 [notice] 1#1: start worker process 28
2024/10/14 05:15:21 [notice] 1#1: start worker process 29
2024/10/14 05:15:21 [notice] 1#1: start worker process 30
2024/10/14 05:15:21 [notice] 1#1: start worker process 31
2024/10/14 05:15:21 [notice] 1#1: start worker process 32
2024/10/14 05:15:21 [notice] 1#1: start worker process 33
2024/10/14 05:15:21 [notice] 1#1: start worker process 34
2024/10/14 05:15:21 [notice] 1#1: start worker process 35
2024/10/14 07:38:43 [notice] 1#1: signal 3 (SIGQUIT) received, shutting down
2024/10/14 07:38:43 [notice] 29#29: gracefully shutting down
2024/10/14 07:38:43 [notice] 28#28: gracefully shutting down
2024/10/14 07:38:43 [notice] 30#30: gracefully shutting down
2024/10/14 07:38:43 [notice] 31#31: gracefully shutting down
2024/10/14 07:38:43 [notice] 29#29: exiting
2024/10/14 07:38:43 [notice] 28#28: exiting
2024/10/14 07:38:43 [notice] 30#30: exiting
2024/10/14 07:38:43 [notice] 31#31: exiting
2024/10/14 07:38:43 [notice] 34#34: gracefully shutting down
2024/10/14 07:38:43 [notice] 28#28: exit
2024/10/14 07:38:43 [notice] 29#29: exit
2024/10/14 07:38:43 [notice] 30#30: exit
2024/10/14 07:38:43 [notice] 31#31: exit
2024/10/14 07:38:43 [notice] 34#34: exiting
2024/10/14 07:38:43 [notice] 34#34: exit
2024/10/14 07:38:43 [notice] 33#33: gracefully shutting down
2024/10/14 07:38:43 [notice] 33#33: exiting
2024/10/14 07:38:43 [notice] 33#33: exit
2024/10/14 07:38:43 [notice] 35#35: gracefully shutting down
2024/10/14 07:38:43 [notice] 35#35: exiting
2024/10/14 07:38:43 [notice] 35#35: exit
2024/10/14 07:38:43 [notice] 32#32: gracefully shutting down
2024/10/14 07:38:43 [notice] 32#32: exiting
2024/10/14 07:38:43 [notice] 32#32: exit
2024/10/14 07:38:43 [notice] 1#1: signal 17 (SIGCHLD) received from 28
2024/10/14 07:38:43 [notice] 1#1: worker process 28 exited with code 0
2024/10/14 07:38:43 [notice] 1#1: worker process 33 exited with code 0
2024/10/14 07:38:43 [notice] 1#1: signal 29 (SIGIO) received
2024/10/14 07:38:43 [notice] 1#1: signal 17 (SIGCHLD) received from 34
2024/10/14 07:38:43 [notice] 1#1: worker process 30 exited with code 0
2024/10/14 07:38:43 [notice] 1#1: worker process 32 exited with code 0
2024/10/14 07:38:43 [notice] 1#1: worker process 34 exited with code 0
2024/10/14 07:38:43 [notice] 1#1: signal 29 (SIGIO) received
2024/10/14 07:38:43 [notice] 1#1: signal 17 (SIGCHLD) received from 29
2024/10/14 07:38:43 [notice] 1#1: worker process 29 exited with code 0
2024/10/14 07:38:43 [notice] 1#1: signal 29 (SIGIO) received
2024/10/14 07:38:43 [notice] 1#1: signal 17 (SIGCHLD) received from 35
2024/10/14 07:38:43 [notice] 1#1: worker process 31 exited with code 0
2024/10/14 07:38:43 [notice] 1#1: worker process 35 exited with code 0
2024/10/14 07:38:43 [notice] 1#1: exit
2024/10/15 03:02:04 [notice] 1#1: using the "epoll" event method
2024/10/15 03:02:04 [notice] 1#1: nginx/1.27.2
2024/10/15 03:02:04 [notice] 1#1: built by gcc 12.2.0 (Debian 12.2.0-14) 
2024/10/15 03:02:04 [notice] 1#1: OS: Linux 6.8.0-45-generic
2024/10/15 03:02:04 [notice] 1#1: getrlimit(RLIMIT_NOFILE): 1048576:1048576
2024/10/15 03:02:04 [notice] 1#1: start worker processes
2024/10/15 03:02:04 [notice] 1#1: start worker process 28
2024/10/15 03:02:04 [notice] 1#1: start worker process 29
2024/10/15 03:02:04 [notice] 1#1: start worker process 30
2024/10/15 03:02:04 [notice] 1#1: start worker process 31
2024/10/15 03:02:04 [notice] 1#1: start worker process 32
2024/10/15 03:02:04 [notice] 1#1: start worker process 33
2024/10/15 03:02:04 [notice] 1#1: start worker process 34
2024/10/15 03:02:04 [notice] 1#1: start worker process 35
2024/10/15 03:28:09 [notice] 1#1: signal 3 (SIGQUIT) received, shutting down
2024/10/15 03:28:09 [notice] 28#28: gracefully shutting down
2024/10/15 03:28:09 [notice] 29#29: gracefully shutting down
2024/10/15 03:28:09 [notice] 32#32: gracefully shutting down
2024/10/15 03:28:09 [notice] 33#33: gracefully shutting down
2024/10/15 03:28:09 [notice] 34#34: gracefully shutting down
2024/10/15 03:28:09 [notice] 29#29: exiting
2024/10/15 03:28:09 [notice] 30#30: gracefully shutting down
2024/10/15 03:28:09 [notice] 31#31: gracefully shutting down
2024/10/15 03:28:09 [notice] 32#32: exiting
2024/10/15 03:28:09 [notice] 33#33: exiting
2024/10/15 03:28:09 [notice] 34#34: exiting
2024/10/15 03:28:09 [notice] 30#30: exiting
2024/10/15 03:28:09 [notice] 31#31: exiting
2024/10/15 03:28:09 [notice] 28#28: exiting
2024/10/15 03:28:09 [notice] 34#34: exit
2024/10/15 03:28:09 [notice] 33#33: exit
2024/10/15 03:28:09 [notice] 29#29: exit
2024/10/15 03:28:09 [notice] 32#32: exit
2024/10/15 03:28:09 [notice] 28#28: exit
2024/10/15 03:28:09 [notice] 30#30: exit
2024/10/15 03:28:09 [notice] 31#31: exit
2024/10/15 03:28:09 [notice] 35#35: gracefully shutting down
2024/10/15 03:28:09 [notice] 35#35: exiting
2024/10/15 03:28:09 [notice] 35#35: exit
2024/10/15 03:28:09 [notice] 1#1: signal 17 (SIGCHLD) received from 29
2024/10/15 03:28:09 [notice] 1#1: worker process 29 exited with code 0
2024/10/15 03:28:09 [notice] 1#1: signal 29 (SIGIO) received
2024/10/15 03:28:09 [notice] 1#1: signal 17 (SIGCHLD) received from 30
2024/10/15 03:28:09 [notice] 1#1: worker process 30 exited with code 0
2024/10/15 03:28:09 [notice] 1#1: signal 29 (SIGIO) received
2024/10/15 03:28:09 [notice] 1#1: signal 17 (SIGCHLD) received from 34
2024/10/15 03:28:09 [notice] 1#1: worker process 28 exited with code 0
2024/10/15 03:28:09 [notice] 1#1: worker process 34 exited with code 0
2024/10/15 03:28:09 [notice] 1#1: signal 29 (SIGIO) received
2024/10/15 03:28:09 [notice] 1#1: signal 17 (SIGCHLD) received from 31
2024/10/15 03:28:09 [notice] 1#1: worker process 31 exited with code 0
2024/10/15 03:28:09 [notice] 1#1: worker process 32 exited with code 0
2024/10/15 03:28:09 [notice] 1#1: worker process 35 exited with code 0
2024/10/15 03:28:09 [notice] 1#1: signal 29 (SIGIO) received
2024/10/15 03:28:09 [notice] 1#1: signal 17 (SIGCHLD) received from 32
2024/10/15 03:28:09 [notice] 1#1: signal 17 (SIGCHLD) received from 33
2024/10/15 03:28:09 [notice] 1#1: worker process 33 exited with code 0
2024/10/15 03:28:09 [notice] 1#1: exit
2024/10/15 10:01:04 [notice] 1#1: using the "epoll" event method
2024/10/15 10:01:04 [notice] 1#1: nginx/1.27.2
2024/10/15 10:01:04 [notice] 1#1: built by gcc 12.2.0 (Debian 12.2.0-14) 
2024/10/15 10:01:04 [notice] 1#1: OS: Linux 6.8.0-45-generic
2024/10/15 10:01:04 [notice] 1#1: getrlimit(RLIMIT_NOFILE): 1048576:1048576
2024/10/15 10:01:04 [notice] 1#1: start worker processes
2024/10/15 10:01:04 [notice] 1#1: start worker process 28
2024/10/15 10:01:04 [notice] 1#1: start worker process 29
2024/10/15 10:01:04 [notice] 1#1: start worker process 30
2024/10/15 10:01:04 [notice] 1#1: start worker process 31
2024/10/15 10:01:04 [notice] 1#1: start worker process 32
2024/10/15 10:01:04 [notice] 1#1: start worker process 33
2024/10/15 10:01:04 [notice] 1#1: start worker process 34
2024/10/15 10:01:04 [notice] 1#1: start worker process 35
2024/10/15 12:37:47 [notice] 1#1: signal 3 (SIGQUIT) received, shutting down
2024/10/15 12:37:47 [notice] 33#33: gracefully shutting down
2024/10/15 12:37:47 [notice] 33#33: exiting
2024/10/15 12:37:47 [notice] 35#35: gracefully shutting down
2024/10/15 12:37:47 [notice] 28#28: gracefully shutting down
2024/10/15 12:37:47 [notice] 35#35: exiting
2024/10/15 12:37:47 [notice] 28#28: exiting
2024/10/15 12:37:47 [notice] 33#33: exit
2024/10/15 12:37:47 [notice] 35#35: exit
2024/10/15 12:37:47 [notice] 28#28: exit
2024/10/15 12:37:47 [notice] 29#29: gracefully shutting down
2024/10/15 12:37:47 [notice] 29#29: exiting
2024/10/15 12:37:47 [notice] 29#29: exit
2024/10/15 12:37:47 [notice] 30#30: gracefully shutting down
2024/10/15 12:37:47 [notice] 30#30: exiting
2024/10/15 12:37:47 [notice] 30#30: exit
2024/10/15 12:37:47 [notice] 31#31: gracefully shutting down
2024/10/15 12:37:47 [notice] 31#31: exiting
2024/10/15 12:37:47 [notice] 31#31: exit
2024/10/15 12:37:47 [notice] 32#32: gracefully shutting down
2024/10/15 12:37:47 [notice] 32#32: exiting
2024/10/15 12:37:47 [notice] 32#32: exit
2024/10/15 12:37:47 [notice] 34#34: gracefully shutting down
2024/10/15 12:37:47 [notice] 34#34: exiting
2024/10/15 12:37:47 [notice] 34#34: exit
2024/10/15 12:37:47 [notice] 1#1: signal 17 (SIGCHLD) received from 28
2024/10/15 12:37:47 [notice] 1#1: worker process 28 exited with code 0
2024/10/15 12:37:47 [notice] 1#1: worker process 33 exited with code 0
2024/10/15 12:37:47 [notice] 1#1: signal 29 (SIGIO) received
2024/10/15 12:37:47 [notice] 1#1: signal 17 (SIGCHLD) received from 30
2024/10/15 12:37:47 [notice] 1#1: worker process 30 exited with code 0
2024/10/15 12:37:47 [notice] 1#1: signal 29 (SIGIO) received
2024/10/15 12:37:47 [notice] 1#1: signal 17 (SIGCHLD) received from 31
2024/10/15 12:37:47 [notice] 1#1: worker process 31 exited with code 0
2024/10/15 12:37:47 [notice] 1#1: signal 29 (SIGIO) received
2024/10/15 12:37:47 [notice] 1#1: signal 17 (SIGCHLD) received from 35
2024/10/15 12:37:47 [notice] 1#1: worker process 29 exited with code 0
2024/10/15 12:37:47 [notice] 1#1: worker process 35 exited with code 0
2024/10/15 12:37:47 [notice] 1#1: signal 29 (SIGIO) received
2024/10/15 12:37:47 [notice] 1#1: signal 17 (SIGCHLD) received from 34
2024/10/15 12:37:47 [notice] 1#1: worker process 34 exited with code 0
2024/10/15 12:37:47 [notice] 1#1: signal 29 (SIGIO) received
2024/10/15 12:37:47 [notice] 1#1: signal 17 (SIGCHLD) received from 32
2024/10/15 12:37:47 [notice] 1#1: worker process 32 exited with code 0
2024/10/15 12:37:47 [notice] 1#1: exit
2024/10/15 14:41:16 [notice] 1#1: using the "epoll" event method
2024/10/15 14:41:16 [notice] 1#1: nginx/1.27.2
2024/10/15 14:41:16 [notice] 1#1: built by gcc 12.2.0 (Debian 12.2.0-14) 
2024/10/15 14:41:16 [notice] 1#1: OS: Linux 6.8.0-45-generic
2024/10/15 14:41:16 [notice] 1#1: getrlimit(RLIMIT_NOFILE): 1048576:1048576
2024/10/15 14:41:16 [notice] 1#1: start worker processes
2024/10/15 14:41:16 [notice] 1#1: start worker process 28
2024/10/15 14:41:16 [notice] 1#1: start worker process 29
2024/10/15 14:41:16 [notice] 1#1: start worker process 30
2024/10/15 14:41:16 [notice] 1#1: start worker process 31
2024/10/15 14:41:16 [notice] 1#1: start worker process 32
2024/10/15 14:41:16 [notice] 1#1: start worker process 33
2024/10/15 14:41:16 [notice] 1#1: start worker process 34
2024/10/15 14:41:16 [notice] 1#1: start worker process 35
2024/10/15 14:44:20 [notice] 1#1: signal 3 (SIGQUIT) received, shutting down
2024/10/15 14:44:20 [notice] 28#28: gracefully shutting down
2024/10/15 14:44:20 [notice] 29#29: gracefully shutting down
2024/10/15 14:44:20 [notice] 28#28: exiting
2024/10/15 14:44:20 [notice] 29#29: exiting
2024/10/15 14:44:20 [notice] 28#28: exit
2024/10/15 14:44:20 [notice] 29#29: exit
2024/10/15 14:44:20 [notice] 30#30: gracefully shutting down
2024/10/15 14:44:20 [notice] 32#32: gracefully shutting down
2024/10/15 14:44:20 [notice] 30#30: exiting
2024/10/15 14:44:20 [notice] 32#32: exiting
2024/10/15 14:44:20 [notice] 30#30: exit
2024/10/15 14:44:20 [notice] 33#33: gracefully shutting down
2024/10/15 14:44:20 [notice] 32#32: exit
2024/10/15 14:44:20 [notice] 33#33: exiting
2024/10/15 14:44:20 [notice] 31#31: gracefully shutting down
2024/10/15 14:44:20 [notice] 31#31: exiting
2024/10/15 14:44:20 [notice] 31#31: exit
2024/10/15 14:44:20 [notice] 33#33: exit
2024/10/15 14:44:20 [notice] 34#34: gracefully shutting down
2024/10/15 14:44:20 [notice] 34#34: exiting
2024/10/15 14:44:20 [notice] 34#34: exit
2024/10/15 14:44:20 [notice] 35#35: gracefully shutting down
2024/10/15 14:44:20 [notice] 35#35: exiting
2024/10/15 14:44:20 [notice] 35#35: exit
2024/10/15 14:44:20 [notice] 1#1: signal 17 (SIGCHLD) received from 34
2024/10/15 14:44:20 [notice] 1#1: worker process 29 exited with code 0
2024/10/15 14:44:20 [notice] 1#1: worker process 30 exited with code 0
2024/10/15 14:44:20 [notice] 1#1: worker process 32 exited with code 0
2024/10/15 14:44:20 [notice] 1#1: worker process 34 exited with code 0
2024/10/15 14:44:20 [notice] 1#1: signal 29 (SIGIO) received
2024/10/15 14:44:20 [notice] 1#1: signal 17 (SIGCHLD) received from 33
2024/10/15 14:44:20 [notice] 1#1: worker process 33 exited with code 0
2024/10/15 14:44:20 [notice] 1#1: signal 29 (SIGIO) received
2024/10/15 14:44:20 [notice] 1#1: signal 17 (SIGCHLD) received from 31
2024/10/15 14:44:20 [notice] 1#1: worker process 31 exited with code 0
2024/10/15 14:44:20 [notice] 1#1: signal 29 (SIGIO) received
2024/10/15 14:44:20 [notice] 1#1: signal 17 (SIGCHLD) received from 35
2024/10/15 14:44:20 [notice] 1#1: worker process 35 exited with code 0
2024/10/15 14:44:20 [notice] 1#1: signal 29 (SIGIO) received
2024/10/15 14:44:20 [notice] 1#1: signal 17 (SIGCHLD) received from 28
2024/10/15 14:44:20 [notice] 1#1: worker process 28 exited with code 0
2024/10/15 14:44:20 [notice] 1#1: exit
2024/10/16 04:17:15 [notice] 1#1: using the "epoll" event method
2024/10/16 04:17:15 [notice] 1#1: nginx/1.27.2
2024/10/16 04:17:15 [notice] 1#1: built by gcc 12.2.0 (Debian 12.2.0-14) 
2024/10/16 04:17:15 [notice] 1#1: OS: Linux 6.8.0-45-generic
2024/10/16 04:17:15 [notice] 1#1: getrlimit(RLIMIT_NOFILE): 1048576:1048576
2024/10/16 04:17:15 [notice] 1#1: start worker processes
2024/10/16 04:17:15 [notice] 1#1: start worker process 28
2024/10/16 04:17:15 [notice] 1#1: start worker process 29
2024/10/16 04:17:15 [notice] 1#1: start worker process 30
2024/10/16 04:17:15 [notice] 1#1: start worker process 31
2024/10/16 04:17:15 [notice] 1#1: start worker process 32
2024/10/16 04:17:15 [notice] 1#1: start worker process 33
2024/10/16 04:17:15 [notice] 1#1: start worker process 34
2024/10/16 04:17:15 [notice] 1#1: start worker process 35
2024/10/16 04:19:09 [notice] 1#1: signal 3 (SIGQUIT) received, shutting down
2024/10/16 04:19:09 [notice] 28#28: gracefully shutting down
2024/10/16 04:19:09 [notice] 30#30: gracefully shutting down
2024/10/16 04:19:09 [notice] 33#33: gracefully shutting down
2024/10/16 04:19:09 [notice] 34#34: gracefully shutting down
2024/10/16 04:19:09 [notice] 35#35: gracefully shutting down
2024/10/16 04:19:09 [notice] 28#28: exiting
2024/10/16 04:19:09 [notice] 30#30: exiting
2024/10/16 04:19:09 [notice] 33#33: exiting
2024/10/16 04:19:09 [notice] 29#29: gracefully shutting down
2024/10/16 04:19:09 [notice] 31#31: gracefully shutting down
2024/10/16 04:19:09 [notice] 34#34: exiting
2024/10/16 04:19:09 [notice] 35#35: exiting
2024/10/16 04:19:09 [notice] 29#29: exiting
2024/10/16 04:19:09 [notice] 31#31: exiting
2024/10/16 04:19:09 [notice] 33#33: exit
2024/10/16 04:19:09 [notice] 30#30: exit
2024/10/16 04:19:09 [notice] 28#28: exit
2024/10/16 04:19:09 [notice] 35#35: exit
2024/10/16 04:19:09 [notice] 34#34: exit
2024/10/16 04:19:09 [notice] 29#29: exit
2024/10/16 04:19:09 [notice] 31#31: exit
2024/10/16 04:19:09 [notice] 32#32: gracefully shutting down
2024/10/16 04:19:09 [notice] 32#32: exiting
2024/10/16 04:19:09 [notice] 32#32: exit
2024/10/16 04:19:09 [notice] 1#1: signal 17 (SIGCHLD) received from 34
2024/10/16 04:19:09 [notice] 1#1: worker process 34 exited with code 0
2024/10/16 04:19:09 [notice] 1#1: signal 29 (SIGIO) received
2024/10/16 04:19:09 [notice] 1#1: signal 17 (SIGCHLD) received from 33
2024/10/16 04:19:09 [notice] 1#1: worker process 33 exited with code 0
2024/10/16 04:19:09 [notice] 1#1: worker process 28 exited with code 0
2024/10/16 04:19:09 [notice] 1#1: signal 29 (SIGIO) received
2024/10/16 04:19:09 [notice] 1#1: signal 17 (SIGCHLD) received from 28
2024/10/16 04:19:09 [notice] 1#1: signal 17 (SIGCHLD) received from 32
2024/10/16 04:19:09 [notice] 1#1: worker process 32 exited with code 0
2024/10/16 04:19:09 [notice] 1#1: signal 29 (SIGIO) received
2024/10/16 04:19:09 [notice] 1#1: signal 17 (SIGCHLD) received from 29
2024/10/16 04:19:09 [notice] 1#1: worker process 29 exited with code 0
2024/10/16 04:19:09 [notice] 1#1: worker process 30 exited with code 0
2024/10/16 04:19:09 [notice] 1#1: signal 29 (SIGIO) received
2024/10/16 04:19:09 [notice] 1#1: signal 17 (SIGCHLD) received from 35
2024/10/16 04:19:09 [notice] 1#1: worker process 35 exited with code 0
2024/10/16 04:19:09 [notice] 1#1: signal 29 (SIGIO) received
2024/10/16 04:19:09 [notice] 1#1: signal 17 (SIGCHLD) received from 31
2024/10/16 04:19:09 [notice] 1#1: worker process 31 exited with code 0
2024/10/16 04:19:09 [notice] 1#1: exit
2024/10/16 16:07:45 [notice] 1#1: using the "epoll" event method
2024/10/16 16:07:45 [notice] 1#1: nginx/1.27.2
2024/10/16 16:07:45 [notice] 1#1: built by gcc 12.2.0 (Debian 12.2.0-14) 
2024/10/16 16:07:45 [notice] 1#1: OS: Linux 6.8.0-45-generic
2024/10/16 16:07:45 [notice] 1#1: getrlimit(RLIMIT_NOFILE): 1048576:1048576
2024/10/16 16:07:45 [notice] 1#1: start worker processes
2024/10/16 16:07:45 [notice] 1#1: start worker process 28
2024/10/16 16:07:45 [notice] 1#1: start worker process 29
2024/10/16 16:07:45 [notice] 1#1: start worker process 30
2024/10/16 16:07:45 [notice] 1#1: start worker process 31
2024/10/16 16:07:45 [notice] 1#1: start worker process 32
2024/10/16 16:07:45 [notice] 1#1: start worker process 33
2024/10/16 16:07:45 [notice] 1#1: start worker process 34
2024/10/16 16:07:45 [notice] 1#1: start worker process 35
2024/10/16 16:34:37 [notice] 1#1: signal 3 (SIGQUIT) received, shutting down
2024/10/16 16:34:37 [notice] 28#28: gracefully shutting down
2024/10/16 16:34:37 [notice] 28#28: exiting
2024/10/16 16:34:37 [notice] 28#28: exit
2024/10/16 16:34:37 [notice] 30#30: gracefully shutting down
2024/10/16 16:34:37 [notice] 30#30: exiting
2024/10/16 16:34:37 [notice] 30#30: exit
2024/10/16 16:34:37 [notice] 29#29: gracefully shutting down
2024/10/16 16:34:37 [notice] 29#29: exiting
2024/10/16 16:34:37 [notice] 29#29: exit
2024/10/16 16:34:37 [notice] 31#31: gracefully shutting down
2024/10/16 16:34:37 [notice] 31#31: exiting
2024/10/16 16:34:37 [notice] 31#31: exit
2024/10/16 16:34:37 [notice] 32#32: gracefully shutting down
2024/10/16 16:34:37 [notice] 32#32: exiting
2024/10/16 16:34:37 [notice] 35#35: gracefully shutting down
2024/10/16 16:34:37 [notice] 35#35: exiting
2024/10/16 16:34:37 [notice] 35#35: exit
2024/10/16 16:34:37 [notice] 34#34: gracefully shutting down
2024/10/16 16:34:37 [notice] 34#34: exiting
2024/10/16 16:34:37 [notice] 34#34: exit
2024/10/16 16:34:37 [notice] 33#33: gracefully shutting down
2024/10/16 16:34:37 [notice] 33#33: exiting
2024/10/16 16:34:37 [notice] 33#33: exit
2024/10/16 16:34:37 [notice] 1#1: signal 17 (SIGCHLD) received from 31
2024/10/16 16:34:37 [notice] 32#32: exit
2024/10/16 16:34:37 [notice] 1#1: worker process 31 exited with code 0
2024/10/16 16:34:37 [notice] 1#1: signal 29 (SIGIO) received
2024/10/16 16:34:37 [notice] 1#1: signal 17 (SIGCHLD) received from 35
2024/10/16 16:34:37 [notice] 1#1: worker process 35 exited with code 0
2024/10/16 16:34:37 [notice] 1#1: signal 29 (SIGIO) received
2024/10/16 16:34:37 [notice] 1#1: signal 17 (SIGCHLD) received from 33
2024/10/16 16:34:37 [notice] 1#1: worker process 33 exited with code 0
2024/10/16 16:34:37 [notice] 1#1: signal 29 (SIGIO) received
2024/10/16 16:34:37 [notice] 1#1: signal 17 (SIGCHLD) received from 28
2024/10/16 16:34:37 [notice] 1#1: worker process 28 exited with code 0
2024/10/16 16:34:37 [notice] 1#1: signal 29 (SIGIO) received
2024/10/16 16:34:37 [notice] 1#1: signal 17 (SIGCHLD) received from 29
2024/10/16 16:34:37 [notice] 1#1: worker process 29 exited with code 0
2024/10/16 16:34:37 [notice] 1#1: worker process 30 exited with code 0
2024/10/16 16:34:37 [notice] 1#1: worker process 32 exited with code 0
2024/10/16 16:34:37 [notice] 1#1: worker process 34 exited with code 0
2024/10/16 16:34:37 [notice] 1#1: exit
2024/10/17 05:46:45 [notice] 1#1: using the "epoll" event method
2024/10/17 05:46:45 [notice] 1#1: nginx/1.27.2
2024/10/17 05:46:45 [notice] 1#1: built by gcc 12.2.0 (Debian 12.2.0-14) 
2024/10/17 05:46:45 [notice] 1#1: OS: Linux 6.8.0-45-generic
2024/10/17 05:46:45 [notice] 1#1: getrlimit(RLIMIT_NOFILE): 1048576:1048576
2024/10/17 05:46:45 [notice] 1#1: start worker processes
2024/10/17 05:46:45 [notice] 1#1: start worker process 28
2024/10/17 05:46:45 [notice] 1#1: start worker process 29
2024/10/17 05:46:45 [notice] 1#1: start worker process 30
2024/10/17 05:46:45 [notice] 1#1: start worker process 31
2024/10/17 05:46:45 [notice] 1#1: start worker process 32
2024/10/17 05:46:45 [notice] 1#1: start worker process 33
2024/10/17 05:46:45 [notice] 1#1: start worker process 34
2024/10/17 05:46:45 [notice] 1#1: start worker process 35
2024/10/17 06:36:42 [notice] 1#1: signal 3 (SIGQUIT) received, shutting down
2024/10/17 06:36:42 [notice] 32#32: gracefully shutting down
2024/10/17 06:36:42 [notice] 33#33: gracefully shutting down
2024/10/17 06:36:42 [notice] 34#34: gracefully shutting down
2024/10/17 06:36:42 [notice] 30#30: gracefully shutting down
2024/10/17 06:36:42 [notice] 28#28: gracefully shutting down
2024/10/17 06:36:42 [notice] 29#29: gracefully shutting down
2024/10/17 06:36:42 [notice] 31#31: gracefully shutting down
2024/10/17 06:36:42 [notice] 32#32: exiting
2024/10/17 06:36:42 [notice] 33#33: exiting
2024/10/17 06:36:42 [notice] 34#34: exiting
2024/10/17 06:36:42 [notice] 30#30: exiting
2024/10/17 06:36:42 [notice] 28#28: exiting
2024/10/17 06:36:42 [notice] 29#29: exiting
2024/10/17 06:36:42 [notice] 31#31: exiting
2024/10/17 06:36:42 [notice] 32#32: exit
2024/10/17 06:36:42 [notice] 34#34: exit
2024/10/17 06:36:42 [notice] 33#33: exit
2024/10/17 06:36:42 [notice] 28#28: exit
2024/10/17 06:36:42 [notice] 30#30: exit
2024/10/17 06:36:42 [notice] 31#31: exit
2024/10/17 06:36:42 [notice] 29#29: exit
2024/10/17 06:36:42 [notice] 35#35: gracefully shutting down
2024/10/17 06:36:42 [notice] 35#35: exiting
2024/10/17 06:36:42 [notice] 35#35: exit
2024/10/17 06:36:42 [notice] 1#1: signal 17 (SIGCHLD) received from 34
2024/10/17 06:36:42 [notice] 1#1: worker process 29 exited with code 0
2024/10/17 06:36:42 [notice] 1#1: worker process 34 exited with code 0
2024/10/17 06:36:42 [notice] 1#1: signal 29 (SIGIO) received
2024/10/17 06:36:42 [notice] 1#1: signal 17 (SIGCHLD) received from 30
2024/10/17 06:36:42 [notice] 1#1: worker process 30 exited with code 0
2024/10/17 06:36:42 [notice] 1#1: signal 29 (SIGIO) received
2024/10/17 06:36:42 [notice] 1#1: signal 17 (SIGCHLD) received from 31
2024/10/17 06:36:42 [notice] 1#1: worker process 31 exited with code 0
2024/10/17 06:36:42 [notice] 1#1: worker process 32 exited with code 0
2024/10/17 06:36:42 [notice] 1#1: worker process 35 exited with code 0
2024/10/17 06:36:42 [notice] 1#1: signal 29 (SIGIO) received
2024/10/17 06:36:42 [notice] 1#1: signal 17 (SIGCHLD) received from 35
2024/10/17 06:36:42 [notice] 1#1: signal 17 (SIGCHLD) received from 33
2024/10/17 06:36:42 [notice] 1#1: worker process 33 exited with code 0
2024/10/17 06:36:42 [notice] 1#1: signal 29 (SIGIO) received
2024/10/17 06:36:42 [notice] 1#1: signal 17 (SIGCHLD) received from 28
2024/10/17 06:36:42 [notice] 1#1: worker process 28 exited with code 0
2024/10/17 06:36:42 [notice] 1#1: exit
2024/10/18 04:15:20 [notice] 1#1: using the "epoll" event method
2024/10/18 04:15:20 [notice] 1#1: nginx/1.27.2
2024/10/18 04:15:20 [notice] 1#1: built by gcc 12.2.0 (Debian 12.2.0-14) 
2024/10/18 04:15:20 [notice] 1#1: OS: Linux 6.8.0-47-generic
2024/10/18 04:15:20 [notice] 1#1: getrlimit(RLIMIT_NOFILE): 1048576:1048576
2024/10/18 04:15:20 [notice] 1#1: start worker processes
2024/10/18 04:15:20 [notice] 1#1: start worker process 28
2024/10/18 04:15:20 [notice] 1#1: start worker process 29
2024/10/18 04:15:20 [notice] 1#1: start worker process 30
2024/10/18 04:15:20 [notice] 1#1: start worker process 31
2024/10/18 04:15:20 [notice] 1#1: start worker process 32
2024/10/18 04:15:20 [notice] 1#1: start worker process 33
2024/10/18 04:15:20 [notice] 1#1: start worker process 34
2024/10/18 04:15:20 [notice] 1#1: start worker process 35
2024/10/18 04:28:15 [notice] 1#1: signal 3 (SIGQUIT) received, shutting down
2024/10/18 04:28:15 [notice] 30#30: gracefully shutting down
2024/10/18 04:28:15 [notice] 31#31: gracefully shutting down
2024/10/18 04:28:15 [notice] 32#32: gracefully shutting down
2024/10/18 04:28:15 [notice] 33#33: gracefully shutting down
2024/10/18 04:28:15 [notice] 34#34: gracefully shutting down
2024/10/18 04:28:15 [notice] 29#29: gracefully shutting down
2024/10/18 04:28:15 [notice] 28#28: gracefully shutting down
2024/10/18 04:28:15 [notice] 31#31: exiting
2024/10/18 04:28:15 [notice] 30#30: exiting
2024/10/18 04:28:15 [notice] 32#32: exiting
2024/10/18 04:28:15 [notice] 33#33: exiting
2024/10/18 04:28:15 [notice] 34#34: exiting
2024/10/18 04:28:15 [notice] 29#29: exiting
2024/10/18 04:28:15 [notice] 28#28: exiting
2024/10/18 04:28:15 [notice] 33#33: exit
2024/10/18 04:28:15 [notice] 34#34: exit
2024/10/18 04:28:15 [notice] 32#32: exit
2024/10/18 04:28:15 [notice] 31#31: exit
2024/10/18 04:28:15 [notice] 30#30: exit
2024/10/18 04:28:15 [notice] 29#29: exit
2024/10/18 04:28:15 [notice] 28#28: exit
2024/10/18 04:28:15 [notice] 35#35: gracefully shutting down
2024/10/18 04:28:15 [notice] 35#35: exiting
2024/10/18 04:28:15 [notice] 35#35: exit
2024/10/18 04:28:15 [notice] 1#1: signal 17 (SIGCHLD) received from 34
2024/10/18 04:28:15 [notice] 1#1: worker process 34 exited with code 0
2024/10/18 04:28:15 [notice] 1#1: signal 29 (SIGIO) received
2024/10/18 04:28:15 [notice] 1#1: signal 17 (SIGCHLD) received from 35
2024/10/18 04:28:15 [notice] 1#1: worker process 35 exited with code 0
2024/10/18 04:28:15 [notice] 1#1: signal 29 (SIGIO) received
2024/10/18 04:28:15 [notice] 1#1: signal 17 (SIGCHLD) received from 32
2024/10/18 04:28:15 [notice] 1#1: worker process 32 exited with code 0
2024/10/18 04:28:15 [notice] 1#1: signal 29 (SIGIO) received
2024/10/18 04:28:15 [notice] 1#1: signal 17 (SIGCHLD) received from 28
2024/10/18 04:28:15 [notice] 1#1: worker process 28 exited with code 0
2024/10/18 04:28:15 [notice] 1#1: worker process 29 exited with code 0
2024/10/18 04:28:15 [notice] 1#1: signal 29 (SIGIO) received
2024/10/18 04:28:15 [notice] 1#1: signal 17 (SIGCHLD) received from 33
2024/10/18 04:28:15 [notice] 1#1: worker process 33 exited with code 0
2024/10/18 04:28:15 [notice] 1#1: signal 29 (SIGIO) received
2024/10/18 04:28:15 [notice] 1#1: signal 17 (SIGCHLD) received from 31
2024/10/18 04:28:15 [notice] 1#1: worker process 31 exited with code 0
2024/10/18 04:28:15 [notice] 1#1: signal 29 (SIGIO) received
2024/10/18 04:28:15 [notice] 1#1: signal 17 (SIGCHLD) received from 30
2024/10/18 04:28:15 [notice] 1#1: worker process 30 exited with code 0
2024/10/18 04:28:15 [notice] 1#1: exit
2024/10/18 04:42:53 [notice] 1#1: using the "epoll" event method
2024/10/18 04:42:53 [notice] 1#1: nginx/1.27.2
2024/10/18 04:42:53 [notice] 1#1: built by gcc 12.2.0 (Debian 12.2.0-14) 
2024/10/18 04:42:53 [notice] 1#1: OS: Linux 6.8.0-47-generic
2024/10/18 04:42:53 [notice] 1#1: getrlimit(RLIMIT_NOFILE): 1048576:1048576
2024/10/18 04:42:53 [notice] 1#1: start worker processes
2024/10/18 04:42:53 [notice] 1#1: start worker process 28
2024/10/18 04:42:53 [notice] 1#1: start worker process 29
2024/10/18 04:42:53 [notice] 1#1: start worker process 30
2024/10/18 04:42:53 [notice] 1#1: start worker process 31
2024/10/18 04:42:53 [notice] 1#1: start worker process 32
2024/10/18 04:42:53 [notice] 1#1: start worker process 33
2024/10/18 04:42:53 [notice] 1#1: start worker process 34
2024/10/18 04:42:53 [notice] 1#1: start worker process 35
